<?xml version="1.0" encoding="UTF-8" standalone="yes"?><!DOCTYPE report PUBLIC "-//JACOCO//DTD Report 1.0//EN" "report.dtd"><report name="junit-assignment"><sessioninfo id="DESKTOP-A9ED30H-90c72b77" start="1556345299152" dump="1556345300222"/><sessioninfo id="DESKTOP-A9ED30H-51deb1df" start="1556401338339" dump="1556401339203"/><sessioninfo id="DESKTOP-A9ED30H-6af36b3c" start="1556401787169" dump="1556401788006"/><sessioninfo id="DESKTOP-A9ED30H-f7bf979a" start="1556403537351" dump="1556403538141"/><sessioninfo id="DESKTOP-A9ED30H-3dfb14b4" start="1556403572728" dump="1556403573477"/><sessioninfo id="DESKTOP-A9ED30H-a2ff652c" start="1556403674418" dump="1556403675232"/><sessioninfo id="DESKTOP-A9ED30H-79bb75a0" start="1556403727323" dump="1556403728067"/><sessioninfo id="DESKTOP-A9ED30H-8703cc9f" start="1556403973616" dump="1556403974398"/><sessioninfo id="DESKTOP-A9ED30H-59d415c2" start="1556404293810" dump="1556404294658"/><sessioninfo id="DESKTOP-A9ED30H-9967d6cf" start="1556404329813" dump="1556404330605"/><sessioninfo id="DESKTOP-A9ED30H-2c10ef52" start="1556978464294" dump="1556978465705"/><sessioninfo id="DESKTOP-A9ED30H-cf2a0a95" start="1556992856971" dump="1556992857843"/><sessioninfo id="DESKTOP-A9ED30H-e6b01cfe" start="1556993014112" dump="1556993014948"/><sessioninfo id="DESKTOP-A9ED30H-f4efff71" start="1556993050250" dump="1556993051110"/><sessioninfo id="DESKTOP-A9ED30H-4de157bc" start="1556993078485" dump="1556993079296"/><sessioninfo id="DESKTOP-A9ED30H-3d8e002f" start="1556993137941" dump="1556993138775"/><sessioninfo id="DESKTOP-A9ED30H-9337d12e" start="1556993161952" dump="1556993162757"/><sessioninfo id="DESKTOP-A9ED30H-7a30e944" start="1556993203121" dump="1556993203922"/><sessioninfo id="DESKTOP-A9ED30H-85c795b8" start="1556993294880" dump="1556993295690"/><sessioninfo id="DESKTOP-A9ED30H-216344d2" start="1557000767120" dump="1557000768024"/><sessioninfo id="DESKTOP-A9ED30H-dc7bf63b" start="1557000845173" dump="1557000846005"/><sessioninfo id="DESKTOP-A9ED30H-2c601a15" start="1557001187932" dump="1557001188855"/><sessioninfo id="DESKTOP-A9ED30H-74beebc9" start="1557001229779" dump="1557001230616"/><sessioninfo id="DESKTOP-A9ED30H-e375963" start="1557001472203" dump="1557001473056"/><sessioninfo id="DESKTOP-A9ED30H-bcbc1c2c" start="1557001536619" dump="1557001537382"/><sessioninfo id="DESKTOP-A9ED30H-c21d214c" start="1557001626490" dump="1557001627255"/><sessioninfo id="DESKTOP-A9ED30H-65208855" start="1557002411189" dump="1557002411951"/><sessioninfo id="DESKTOP-A9ED30H-1fde076b" start="1557003059099" dump="1557003059852"/><sessioninfo id="DESKTOP-A9ED30H-48888120" start="1557003106778" dump="1557003107555"/><sessioninfo id="DESKTOP-A9ED30H-d1938398" start="1557003403710" dump="1557003404510"/><sessioninfo id="DESKTOP-A9ED30H-5f77c296" start="1557003866265" dump="1557003867105"/><sessioninfo id="DESKTOP-A9ED30H-873125ef" start="1557003907741" dump="1557003908588"/><sessioninfo id="DESKTOP-A9ED30H-821ce2f9" start="1557003992093" dump="1557003992867"/><sessioninfo id="DESKTOP-A9ED30H-b00097f" start="1557004190494" dump="1557004191319"/><sessioninfo id="DESKTOP-A9ED30H-ef8ab650" start="1557004353028" dump="1557004353790"/><sessioninfo id="DESKTOP-A9ED30H-803a8e74" start="1557004421490" dump="1557004422350"/><sessioninfo id="DESKTOP-A9ED30H-fffdbb0e" start="1557004506959" dump="1557004507728"/><sessioninfo id="DESKTOP-A9ED30H-190fe020" start="1557004660478" dump="1557004661308"/><sessioninfo id="DESKTOP-A9ED30H-a0541b3c" start="1557004708387" dump="1557004709150"/><sessioninfo id="DESKTOP-A9ED30H-fa878b1" start="1557004739270" dump="1557004740031"/><sessioninfo id="DESKTOP-A9ED30H-440b924c" start="1557004891410" dump="1557004892209"/><sessioninfo id="DESKTOP-A9ED30H-267bcb88" start="1557004920949" dump="1557004921675"/><sessioninfo id="DESKTOP-A9ED30H-d6ee8fe0" start="1557004948269" dump="1557004949049"/><sessioninfo id="DESKTOP-A9ED30H-20f3bf7f" start="1557004984275" dump="1557004985037"/><sessioninfo id="DESKTOP-A9ED30H-5140cf90" start="1557005008406" dump="1557005009213"/><sessioninfo id="DESKTOP-A9ED30H-c017fd3a" start="1557005026187" dump="1557005026921"/><sessioninfo id="DESKTOP-A9ED30H-6678ba87" start="1557005095922" dump="1557005096746"/><sessioninfo id="DESKTOP-A9ED30H-aa9847dc" start="1557005118474" dump="1557005119258"/><sessioninfo id="DESKTOP-A9ED30H-2eb73ccc" start="1557005147980" dump="1557005148723"/><sessioninfo id="DESKTOP-A9ED30H-65a2ddbd" start="1557005161465" dump="1557005162281"/><sessioninfo id="DESKTOP-A9ED30H-5b3d669c" start="1557005175601" dump="1557005176365"/><sessioninfo id="DESKTOP-A9ED30H-3b26fe0c" start="1557005217577" dump="1557005218399"/><sessioninfo id="DESKTOP-A9ED30H-873462a0" start="1557005235752" dump="1557005236510"/><sessioninfo id="DESKTOP-A9ED30H-968eb66f" start="1557005254872" dump="1557005255682"/><sessioninfo id="DESKTOP-A9ED30H-39064ab" start="1557005270746" dump="1557005271487"/><sessioninfo id="DESKTOP-A9ED30H-f3e2d2db" start="1557005306393" dump="1557005307149"/><sessioninfo id="DESKTOP-A9ED30H-12e91af0" start="1557005722928" dump="1557005723787"/><sessioninfo id="DESKTOP-A9ED30H-32d7c1a4" start="1557005742908" dump="1557005743659"/><sessioninfo id="DESKTOP-A9ED30H-a9cd63d3" start="1557006122077" dump="1557006122927"/><sessioninfo id="DESKTOP-A9ED30H-b3a59b8c" start="1557007130501" dump="1557007131249"/><sessioninfo id="DESKTOP-A9ED30H-3fb7c18e" start="1557007354509" dump="1557007355334"/><sessioninfo id="DESKTOP-A9ED30H-c619f532" start="1557007483165" dump="1557007483984"/><sessioninfo id="DESKTOP-A9ED30H-39887384" start="1557009496083" dump="1557009497166"/><sessioninfo id="DESKTOP-A9ED30H-7ef348d3" start="1557009575058" dump="1557009576119"/><sessioninfo id="DESKTOP-A9ED30H-efcba3c6" start="1557009705206" dump="1557009706873"/><sessioninfo id="DESKTOP-A9ED30H-e0b9ef14" start="1557009863574" dump="1557009864677"/><sessioninfo id="DESKTOP-A9ED30H-c467b90" start="1557009922272" dump="1557009923360"/><sessioninfo id="DESKTOP-A9ED30H-a258a454" start="1557009972326" dump="1557009973387"/><sessioninfo id="DESKTOP-A9ED30H-b9f4bce9" start="1557010139695" dump="1557010140836"/><sessioninfo id="DESKTOP-A9ED30H-b694f268" start="1557010229197" dump="1557010230323"/><sessioninfo id="DESKTOP-A9ED30H-7ff9c64a" start="1557010292911" dump="1557010293981"/><sessioninfo id="DESKTOP-A9ED30H-94eee37c" start="1557010414690" dump="1557010415822"/><sessioninfo id="DESKTOP-A9ED30H-740f250c" start="1557010564762" dump="1557010565845"/><sessioninfo id="DESKTOP-A9ED30H-102db33e" start="1557010667647" dump="1557010668667"/><sessioninfo id="DESKTOP-A9ED30H-862bc959" start="1557011109958" dump="1557011110978"/><sessioninfo id="DESKTOP-A9ED30H-f2f5dcca" start="1557012205302" dump="1557012206438"/><sessioninfo id="DESKTOP-A9ED30H-1ef6ccae" start="1557013917712" dump="1557013918860"/><sessioninfo id="DESKTOP-A9ED30H-84799985" start="1557013941461" dump="1557013942526"/><sessioninfo id="DESKTOP-A9ED30H-ca3eb6f1" start="1557014021374" dump="1557014022564"/><sessioninfo id="DESKTOP-A9ED30H-6f14cf7a" start="1557014088360" dump="1557014089525"/><sessioninfo id="DESKTOP-A9ED30H-5316e927" start="1557014127145" dump="1557014128323"/><sessioninfo id="DESKTOP-A9ED30H-9701d1bd" start="1557014247957" dump="1557014248921"/><sessioninfo id="DESKTOP-A9ED30H-29eb46c7" start="1557014420486" dump="1557014421503"/><sessioninfo id="DESKTOP-A9ED30H-fa404ba5" start="1557014608563" dump="1557014609496"/><sessioninfo id="DESKTOP-A9ED30H-2d4188ac" start="1557014685628" dump="1557014686597"/><sessioninfo id="DESKTOP-A9ED30H-53bf3764" start="1557015026927" dump="1557015027919"/><sessioninfo id="DESKTOP-A9ED30H-a5ae8a18" start="1557015108754" dump="1557015109745"/><sessioninfo id="DESKTOP-A9ED30H-d4f1fb75" start="1557015199320" dump="1557015200392"/><sessioninfo id="DESKTOP-A9ED30H-bd329b2d" start="1557015591479" dump="1557015592467"/><sessioninfo id="DESKTOP-A9ED30H-d5633663" start="1557015647558" dump="1557015648485"/><sessioninfo id="DESKTOP-A9ED30H-6d512095" start="1557015703681" dump="1557015704735"/><sessioninfo id="DESKTOP-A9ED30H-b22cea37" start="1557015853626" dump="1557015854566"/><sessioninfo id="DESKTOP-A9ED30H-ab8871ab" start="1557016022292" dump="1557016023305"/><package name="sampleQueue"><class name="sampleQueue/Queue$Node"><method name="&lt;init&gt;" desc="(LsampleQueue/Queue;)V" line="47"><counter type="INSTRUCTION" missed="0" covered="6"/><counter type="LINE" missed="0" covered="1"/><counter type="COMPLEXITY" missed="0" covered="1"/><counter type="METHOD" missed="0" covered="1"/></method><counter type="INSTRUCTION" missed="0" covered="6"/><counter type="LINE" missed="0" covered="1"/><counter type="COMPLEXITY" missed="0" covered="1"/><counter type="METHOD" missed="0" covered="1"/><counter type="CLASS" missed="0" covered="1"/></class><class name="sampleQueue/Queue"><method name="&lt;init&gt;" desc="()V" line="55"><counter type="INSTRUCTION" missed="0" covered="15"/><counter type="LINE" missed="0" covered="6"/><counter type="COMPLEXITY" missed="0" covered="1"/><counter type="METHOD" missed="0" covered="1"/></method><method name="&lt;init&gt;" desc="(I)V" line="66"><counter type="INSTRUCTION" missed="0" covered="15"/><counter type="LINE" missed="0" covered="6"/><counter type="COMPLEXITY" missed="0" covered="1"/><counter type="METHOD" missed="0" covered="1"/></method><method name="isEmpty" desc="()Z" line="79"><counter type="INSTRUCTION" missed="0" covered="7"/><counter type="BRANCH" missed="0" covered="2"/><counter type="LINE" missed="0" covered="1"/><counter type="COMPLEXITY" missed="0" covered="2"/><counter type="METHOD" missed="0" covered="1"/></method><method name="size" desc="()I" line="88"><counter type="INSTRUCTION" missed="0" covered="3"/><counter type="LINE" missed="0" covered="1"/><counter type="COMPLEXITY" missed="0" covered="1"/><counter type="METHOD" missed="0" covered="1"/></method><method name="length" desc="()I" line="97"><counter type="INSTRUCTION" missed="0" covered="3"/><counter type="LINE" missed="0" covered="1"/><counter type="COMPLEXITY" missed="0" covered="1"/><counter type="METHOD" missed="0" covered="1"/></method><method name="peek" desc="()Ljava/lang/Object;" line="107"><counter type="INSTRUCTION" missed="0" covered="12"/><counter type="BRANCH" missed="0" covered="2"/><counter type="LINE" missed="0" covered="3"/><counter type="COMPLEXITY" missed="0" covered="2"/><counter type="METHOD" missed="0" covered="1"/></method><method name="enqueue" desc="(Ljava/lang/Object;)V" line="117"><counter type="INSTRUCTION" missed="0" covered="40"/><counter type="BRANCH" missed="0" covered="2"/><counter type="LINE" missed="0" covered="9"/><counter type="COMPLEXITY" missed="0" covered="2"/><counter type="METHOD" missed="0" covered="1"/></method><method name="dequeue" desc="()Ljava/lang/Object;" line="135"><counter type="INSTRUCTION" missed="0" covered="31"/><counter type="BRANCH" missed="0" covered="4"/><counter type="LINE" missed="0" covered="8"/><counter type="COMPLEXITY" missed="0" covered="3"/><counter type="METHOD" missed="0" covered="1"/></method><method name="toString" desc="()Ljava/lang/String;" line="151"><counter type="INSTRUCTION" missed="28" covered="0"/><counter type="BRANCH" missed="2" covered="0"/><counter type="LINE" missed="4" covered="0"/><counter type="COMPLEXITY" missed="2" covered="0"/><counter type="METHOD" missed="1" covered="0"/></method><method name="removeAll" desc="()V" line="161"><counter type="INSTRUCTION" missed="0" covered="8"/><counter type="BRANCH" missed="0" covered="2"/><counter type="LINE" missed="0" covered="3"/><counter type="COMPLEXITY" missed="0" covered="2"/><counter type="METHOD" missed="0" covered="1"/></method><method name="iterator" desc="()Ljava/util/Iterator;" line="173"><counter type="INSTRUCTION" missed="6" covered="0"/><counter type="LINE" missed="1" covered="0"/><counter type="COMPLEXITY" missed="1" covered="0"/><counter type="METHOD" missed="1" covered="0"/></method><method name="main" desc="([Ljava/lang/String;)V" line="201"><counter type="INSTRUCTION" missed="23" covered="0"/><counter type="LINE" missed="4" covered="0"/><counter type="COMPLEXITY" missed="1" covered="0"/><counter type="METHOD" missed="1" covered="0"/></method><counter type="INSTRUCTION" missed="57" covered="134"/><counter type="BRANCH" missed="2" covered="12"/><counter type="LINE" missed="9" covered="38"/><counter type="COMPLEXITY" missed="4" covered="15"/><counter type="METHOD" missed="3" covered="9"/><counter type="CLASS" missed="0" covered="1"/></class><class name="sampleQueue/Queue$ListIterator"><method name="&lt;init&gt;" desc="(LsampleQueue/Queue;)V" line="177"><counter type="INSTRUCTION" missed="11" covered="0"/><counter type="LINE" missed="2" covered="0"/><counter type="COMPLEXITY" missed="1" covered="0"/><counter type="METHOD" missed="1" covered="0"/></method><method name="hasNext" desc="()Z" line="181"><counter type="INSTRUCTION" missed="7" covered="0"/><counter type="BRANCH" missed="2" covered="0"/><counter type="LINE" missed="1" covered="0"/><counter type="COMPLEXITY" missed="2" covered="0"/><counter type="METHOD" missed="1" covered="0"/></method><method name="remove" desc="()V" line="185"><counter type="INSTRUCTION" missed="4" covered="0"/><counter type="LINE" missed="1" covered="0"/><counter type="COMPLEXITY" missed="1" covered="0"/><counter type="METHOD" missed="1" covered="0"/></method><method name="next" desc="()Ljava/lang/Object;" line="189"><counter type="INSTRUCTION" missed="18" covered="0"/><counter type="BRANCH" missed="2" covered="0"/><counter type="LINE" missed="5" covered="0"/><counter type="COMPLEXITY" missed="2" covered="0"/><counter type="METHOD" missed="1" covered="0"/></method><counter type="INSTRUCTION" missed="40" covered="0"/><counter type="BRANCH" missed="4" covered="0"/><counter type="LINE" missed="9" covered="0"/><counter type="COMPLEXITY" missed="6" covered="0"/><counter type="METHOD" missed="4" covered="0"/><counter type="CLASS" missed="1" covered="0"/></class><sourcefile name="Queue.java"><line nr="47" mi="0" ci="6" mb="0" cb="0"/><line nr="55" mi="0" ci="2" mb="0" cb="0"/><line nr="56" mi="0" ci="3" mb="0" cb="0"/><line nr="57" mi="0" ci="3" mb="0" cb="0"/><line nr="58" mi="0" ci="3" mb="0" cb="0"/><line nr="59" mi="0" ci="3" mb="0" cb="0"/><line nr="60" mi="0" ci="1" mb="0" cb="0"/><line nr="66" mi="0" ci="2" mb="0" cb="0"/><line nr="67" mi="0" ci="3" mb="0" cb="0"/><line nr="68" mi="0" ci="3" mb="0" cb="0"/><line nr="69" mi="0" ci="3" mb="0" cb="0"/><line nr="70" mi="0" ci="3" mb="0" cb="0"/><line nr="71" mi="0" ci="1" mb="0" cb="0"/><line nr="79" mi="0" ci="7" mb="0" cb="2"/><line nr="88" mi="0" ci="3" mb="0" cb="0"/><line nr="97" mi="0" ci="3" mb="0" cb="0"/><line nr="107" mi="0" ci="3" mb="0" cb="2"/><line nr="108" mi="0" ci="5" mb="0" cb="0"/><line nr="109" mi="0" ci="4" mb="0" cb="0"/><line nr="117" mi="0" ci="3" mb="0" cb="0"/><line nr="118" mi="0" ci="7" mb="0" cb="0"/><line nr="119" mi="0" ci="5" mb="0" cb="0"/><line nr="120" mi="0" ci="5" mb="0" cb="0"/><line nr="121" mi="0" ci="3" mb="0" cb="2"/><line nr="122" mi="0" ci="5" mb="0" cb="0"/><line nr="124" mi="0" ci="5" mb="0" cb="0"/><line nr="125" mi="0" ci="6" mb="0" cb="0"/><line nr="126" mi="0" ci="1" mb="0" cb="0"/><line nr="135" mi="0" ci="3" mb="0" cb="2"/><line nr="136" mi="0" ci="5" mb="0" cb="0"/><line nr="137" mi="0" ci="4" mb="0" cb="0"/><line nr="138" mi="0" ci="5" mb="0" cb="0"/><line nr="139" mi="0" ci="6" mb="0" cb="0"/><line nr="140" mi="0" ci="3" mb="0" cb="2"/><line nr="141" mi="0" ci="3" mb="0" cb="0"/><line nr="142" mi="0" ci="2" mb="0" cb="0"/><line nr="151" mi="4" ci="0" mb="0" cb="0"/><line nr="152" mi="9" ci="0" mb="2" cb="0"/><line nr="153" mi="12" ci="0" mb="0" cb="0"/><line nr="154" mi="3" ci="0" mb="0" cb="0"/><line nr="161" mi="0" ci="3" mb="0" cb="2"/><line nr="162" mi="0" ci="4" mb="0" cb="0"/><line nr="165" mi="0" ci="1" mb="0" cb="0"/><line nr="173" mi="6" ci="0" mb="0" cb="0"/><line nr="177" mi="5" ci="0" mb="0" cb="0"/><line nr="178" mi="6" ci="0" mb="0" cb="0"/><line nr="181" mi="7" ci="0" mb="2" cb="0"/><line nr="185" mi="4" ci="0" mb="0" cb="0"/><line nr="189" mi="3" ci="0" mb="2" cb="0"/><line nr="190" mi="4" ci="0" mb="0" cb="0"/><line nr="191" mi="4" ci="0" mb="0" cb="0"/><line nr="192" mi="5" ci="0" mb="0" cb="0"/><line nr="193" mi="2" ci="0" mb="0" cb="0"/><line nr="201" mi="4" ci="0" mb="0" cb="0"/><line nr="202" mi="5" ci="0" mb="0" cb="0"/><line nr="203" mi="13" ci="0" mb="0" cb="0"/><line nr="204" mi="1" ci="0" mb="0" cb="0"/><counter type="INSTRUCTION" missed="97" covered="140"/><counter type="BRANCH" missed="6" covered="12"/><counter type="LINE" missed="18" covered="39"/><counter type="COMPLEXITY" missed="10" covered="16"/><counter type="METHOD" missed="7" covered="10"/><counter type="CLASS" missed="1" covered="2"/></sourcefile><counter type="INSTRUCTION" missed="97" covered="140"/><counter type="BRANCH" missed="6" covered="12"/><counter type="LINE" missed="18" covered="39"/><counter type="COMPLEXITY" missed="10" covered="16"/><counter type="METHOD" missed="7" covered="10"/><counter type="CLASS" missed="1" covered="2"/></package><counter type="INSTRUCTION" missed="97" covered="140"/><counter type="BRANCH" missed="6" covered="12"/><counter type="LINE" missed="18" covered="39"/><counter type="COMPLEXITY" missed="10" covered="16"/><counter type="METHOD" missed="7" covered="10"/><counter type="CLASS" missed="1" covered="2"/></report>