<?xml version="1.0" encoding="UTF-8"?>
<testsuite xmlns:xsi="http://www.w3.org/2001/XMLSchema-instance" xsi:noNamespaceSchemaLocation="https://maven.apache.org/surefire/maven-surefire-plugin/xsd/surefire-test-report.xsd" name="sampleQueue.QueueTest" time="0.044" tests="5" errors="0" skipped="1" failures="0">
  <properties>
[...]
</properties>
  <testcase name="isEmptyShouldGiveFalseWhenQueueIsNotEmpty" classname="sampleQueue.QueueTest" time="0.022"/>
  <testcase name="isEmptyShouldGiveTrueOnQueueInit" classname="sampleQueue.QueueTest" time="0.003"/>
  <testcase name="isInstantiatedWithNew" classname="sampleQueue.QueueTest" time="0"/>
  <testcase name="first" classname="sampleQueue.QueueTest" time="0.001"/>
  <testcase name="failuremethodifthereisoverflow" classname="sampleQueue.QueueTest" time="0">
    <skipped message="void sampleQueue.QueueTest.failuremethodifthereisoverflow() is @Disabled"/>
  </testcase>
</testsuite>